[2026-03-24 03:50:56] production.ERROR: file_put_contents(/apps/data/prepod.joblynk.ai/@core/storage/framework/cache/data/f2/ba/f2ba87591c65abe1ee7f42517c11f532fbe836f2): Failed to open stream: No such file or directory {"exception":"[object] (ErrorException(code: 0): file_put_contents(/apps/data/prepod.joblynk.ai/@core/storage/framework/cache/data/f2/ba/f2ba87591c65abe1ee7f42517c11f532fbe836f2): Failed to open stream: No such file or directory at /apps/data/prepod.joblynk.ai/@core/vendor/laravel/framework/src/Illuminate/Filesystem/Filesystem.php:204)
[stacktrace]
#0 /apps/data/prepod.joblynk.ai/@core/vendor/laravel/framework/src/Illuminate/Foundation/Bootstrap/HandleExceptions.php(258): Illuminate\\Foundation\\Bootstrap\\HandleExceptions->handleError()
#1 [internal function]: Illuminate\\Foundation\\Bootstrap\\HandleExceptions->Illuminate\\Foundation\\Bootstrap\\{closure}()
#2 /apps/data/prepod.joblynk.ai/@core/vendor/laravel/framework/src/Illuminate/Filesystem/Filesystem.php(204): file_put_contents()
#3 /apps/data/prepod.joblynk.ai/@core/vendor/laravel/framework/src/Illuminate/Cache/FileStore.php(82): Illuminate\\Filesystem\\Filesystem->put()
#4 /apps/data/prepod.joblynk.ai/@core/vendor/laravel/framework/src/Illuminate/Cache/Repository.php(241): Illuminate\\Cache\\FileStore->put()
#5 /apps/data/prepod.joblynk.ai/@core/vendor/laravel/framework/src/Illuminate/Cache/Repository.php(433): Illuminate\\Cache\\Repository->put()
#6 /apps/data/prepod.joblynk.ai/@core/vendor/laravel/framework/src/Illuminate/Cache/CacheManager.php(509): Illuminate\\Cache\\Repository->remember()
#7 /apps/data/prepod.joblynk.ai/@core/vendor/laravel/framework/src/Illuminate/Support/Facades/Facade.php(363): Illuminate\\Cache\\CacheManager->__call()
#8 /apps/data/prepod.joblynk.ai/@core/app/Helpers/helpers.php(54): Illuminate\\Support\\Facades\\Facade::__callStatic()
#9 /apps/data/prepod.joblynk.ai/@core/app/Http/Middleware/GlobalVariableMiddleware.php(29): get_static_option()
#10 /apps/data/prepod.joblynk.ai/@core/vendor/laravel/framework/src/Illuminate/Pipeline/Pipeline.php(219): App\\Http\\Middleware\\GlobalVariableMiddleware->handle()
#11 /apps/data/prepod.joblynk.ai/@core/app/Http/Middleware/SetUserLanguages.php(35): Illuminate\\Pipeline\\Pipeline->Illuminate\\Pipeline\\{closure}()
#12 /apps/data/prepod.joblynk.ai/@core/vendor/laravel/framework/src/Illuminate/Pipeline/Pipeline.php(219): App\\Http\\Middleware\\SetUserLanguages->handle()
#13 /apps/data/prepod.joblynk.ai/@core/vendor/barryvdh/laravel-debugbar/src/Middleware/InjectDebugbar.php(66): Illuminate\\Pipeline\\Pipeline->Illuminate\\Pipeline\\{closure}()
#14 /apps/data/prepod.joblynk.ai/@core/vendor/laravel/framework/src/Illuminate/Pipeline/Pipeline.php(219): Barryvdh\\Debugbar\\Middleware\\InjectDebugbar->handle()
#15 /apps/data/prepod.joblynk.ai/@core/vendor/laravel/framework/src/Illuminate/Routing/Middleware/SubstituteBindings.php(50): Illuminate\\Pipeline\\Pipeline->Illuminate\\Pipeline\\{closure}()
#16 /apps/data/prepod.joblynk.ai/@core/vendor/laravel/framework/src/Illuminate/Pipeline/Pipeline.php(219): Illuminate\\Routing\\Middleware\\SubstituteBindings->handle()
#17 /apps/data/prepod.joblynk.ai/@core/vendor/laravel/framework/src/Illuminate/Foundation/Http/Middleware/VerifyCsrfToken.php(87): Illuminate\\Pipeline\\Pipeline->Illuminate\\Pipeline\\{closure}()
#18 /apps/data/prepod.joblynk.ai/@core/vendor/laravel/framework/src/Illuminate/Pipeline/Pipeline.php(219): Illuminate\\Foundation\\Http\\Middleware\\VerifyCsrfToken->handle()
#19 /apps/data/prepod.joblynk.ai/@core/vendor/laravel/framework/src/Illuminate/View/Middleware/ShareErrorsFromSession.php(48): Illuminate\\Pipeline\\Pipeline->Illuminate\\Pipeline\\{closure}()
#20 /apps/data/prepod.joblynk.ai/@core/vendor/laravel/framework/src/Illuminate/Pipeline/Pipeline.php(219): Illuminate\\View\\Middleware\\ShareErrorsFromSession->handle()
#21 /apps/data/prepod.joblynk.ai/@core/vendor/laravel/framework/src/Illuminate/Session/Middleware/StartSession.php(120): Illuminate\\Pipeline\\Pipeline->Illuminate\\Pipeline\\{closure}()
#22 /apps/data/prepod.joblynk.ai/@core/vendor/laravel/framework/src/Illuminate/Session/Middleware/StartSession.php(63): Illuminate\\Session\\Middleware\\StartSession->handleStatefulRequest()
#23 /apps/data/prepod.joblynk.ai/@core/vendor/laravel/framework/src/Illuminate/Pipeline/Pipeline.php(219): Illuminate\\Session\\Middleware\\StartSession->handle()
#24 /apps/data/prepod.joblynk.ai/@core/vendor/laravel/framework/src/Illuminate/Cookie/Middleware/AddQueuedCookiesToResponse.php(36): Illuminate\\Pipeline\\Pipeline->Illuminate\\Pipeline\\{closure}()
#25 /apps/data/prepod.joblynk.ai/@core/vendor/laravel/framework/src/Illuminate/Pipeline/Pipeline.php(219): Illuminate\\Cookie\\Middleware\\AddQueuedCookiesToResponse->handle()
#26 /apps/data/prepod.joblynk.ai/@core/vendor/laravel/framework/src/Illuminate/Cookie/Middleware/EncryptCookies.php(74): Illuminate\\Pipeline\\Pipeline->Illuminate\\Pipeline\\{closure}()
#27 /apps/data/prepod.joblynk.ai/@core/vendor/laravel/framework/src/Illuminate/Pipeline/Pipeline.php(219): Illuminate\\Cookie\\Middleware\\EncryptCookies->handle()
#28 /apps/data/prepod.joblynk.ai/@core/vendor/laravel/framework/src/Illuminate/Pipeline/Pipeline.php(137): Illuminate\\Pipeline\\Pipeline->Illuminate\\Pipeline\\{closure}()
#29 /apps/data/prepod.joblynk.ai/@core/vendor/laravel/framework/src/Illuminate/Routing/Router.php(821): Illuminate\\Pipeline\\Pipeline->then()
#30 /apps/data/prepod.joblynk.ai/@core/vendor/laravel/framework/src/Illuminate/Routing/Router.php(800): Illuminate\\Routing\\Router->runRouteWithinStack()
#31 /apps/data/prepod.joblynk.ai/@core/vendor/laravel/framework/src/Illuminate/Routing/Router.php(764): Illuminate\\Routing\\Router->runRoute()
#32 /apps/data/prepod.joblynk.ai/@core/vendor/laravel/framework/src/Illuminate/Routing/Router.php(753): Illuminate\\Routing\\Router->dispatchToRoute()
#33 /apps/data/prepod.joblynk.ai/@core/vendor/laravel/framework/src/Illuminate/Foundation/Http/Kernel.php(200): Illuminate\\Routing\\Router->dispatch()
#34 /apps/data/prepod.joblynk.ai/@core/vendor/laravel/framework/src/Illuminate/Pipeline/Pipeline.php(180): Illuminate\\Foundation\\Http\\Kernel->Illuminate\\Foundation\\Http\\{closure}()
#35 /apps/data/prepod.joblynk.ai/@core/vendor/barryvdh/laravel-debugbar/src/Middleware/InjectDebugbar.php(66): Illuminate\\Pipeline\\Pipeline->Illuminate\\Pipeline\\{closure}()
#36 /apps/data/prepod.joblynk.ai/@core/vendor/laravel/framework/src/Illuminate/Pipeline/Pipeline.php(219): Barryvdh\\Debugbar\\Middleware\\InjectDebugbar->handle()
#37 /apps/data/prepod.joblynk.ai/@core/vendor/xgenious/installer/src/Http/Middleware/InstallerMiddleware.php(18): Illuminate\\Pipeline\\Pipeline->Illuminate\\Pipeline\\{closure}()
#38 /apps/data/prepod.joblynk.ai/@core/vendor/laravel/framework/src/Illuminate/Pipeline/Pipeline.php(219): Xgenious\\Installer\\Http\\Middleware\\InstallerMiddleware->handle()
#39 /apps/data/prepod.joblynk.ai/@core/vendor/laravel/framework/src/Illuminate/Foundation/Http/Middleware/TransformsRequest.php(21): Illuminate\\Pipeline\\Pipeline->Illuminate\\Pipeline\\{closure}()
#40 /apps/data/prepod.joblynk.ai/@core/vendor/laravel/framework/src/Illuminate/Foundation/Http/Middleware/ConvertEmptyStringsToNull.php(31): Illuminate\\Foundation\\Http\\Middleware\\TransformsRequest->handle()
#41 /apps/data/prepod.joblynk.ai/@core/vendor/laravel/framework/src/Illuminate/Pipeline/Pipeline.php(219): Illuminate\\Foundation\\Http\\Middleware\\ConvertEmptyStringsToNull->handle()
#42 /apps/data/prepod.joblynk.ai/@core/vendor/laravel/framework/src/Illuminate/Foundation/Http/Middleware/TransformsRequest.php(21): Illuminate\\Pipeline\\Pipeline->Illuminate\\Pipeline\\{closure}()
#43 /apps/data/prepod.joblynk.ai/@core/vendor/laravel/framework/src/Illuminate/Foundation/Http/Middleware/TrimStrings.php(51): Illuminate\\Foundation\\Http\\Middleware\\TransformsRequest->handle()
#44 /apps/data/prepod.joblynk.ai/@core/vendor/laravel/framework/src/Illuminate/Pipeline/Pipeline.php(219): Illuminate\\Foundation\\Http\\Middleware\\TrimStrings->handle()
#45 /apps/data/prepod.joblynk.ai/@core/vendor/laravel/framework/src/Illuminate/Http/Middleware/ValidatePostSize.php(27): Illuminate\\Pipeline\\Pipeline->Illuminate\\Pipeline\\{closure}()
#46 /apps/data/prepod.joblynk.ai/@core/vendor/laravel/framework/src/Illuminate/Pipeline/Pipeline.php(219): Illuminate\\Http\\Middleware\\ValidatePostSize->handle()
#47 /apps/data/prepod.joblynk.ai/@core/vendor/laravel/framework/src/Illuminate/Foundation/Http/Middleware/PreventRequestsDuringMaintenance.php(109): Illuminate\\Pipeline\\Pipeline->Illuminate\\Pipeline\\{closure}()
#48 /apps/data/prepod.joblynk.ai/@core/vendor/laravel/framework/src/Illuminate/Pipeline/Pipeline.php(219): Illuminate\\Foundation\\Http\\Middleware\\PreventRequestsDuringMaintenance->handle()
#49 /apps/data/prepod.joblynk.ai/@core/vendor/laravel/framework/src/Illuminate/Http/Middleware/TrustProxies.php(58): Illuminate\\Pipeline\\Pipeline->Illuminate\\Pipeline\\{closure}()
#50 /apps/data/prepod.joblynk.ai/@core/vendor/laravel/framework/src/Illuminate/Pipeline/Pipeline.php(219): Illuminate\\Http\\Middleware\\TrustProxies->handle()
#51 /apps/data/prepod.joblynk.ai/@core/vendor/laravel/framework/src/Illuminate/Pipeline/Pipeline.php(137): Illuminate\\Pipeline\\Pipeline->Illuminate\\Pipeline\\{closure}()
#52 /apps/data/prepod.joblynk.ai/@core/vendor/laravel/framework/src/Illuminate/Foundation/Http/Kernel.php(175): Illuminate\\Pipeline\\Pipeline->then()
#53 /apps/data/prepod.joblynk.ai/@core/vendor/laravel/framework/src/Illuminate/Foundation/Http/Kernel.php(144): Illuminate\\Foundation\\Http\\Kernel->sendRequestThroughRouter()
#54 /apps/data/prepod.joblynk.ai/index.php(54): Illuminate\\Foundation\\Http\\Kernel->handle()
#55 {main}
"} 
[2026-03-24 03:50:57] production.ERROR: file_put_contents(/apps/data/prepod.joblynk.ai/@core/storage/framework/cache/data/f2/ba/f2ba87591c65abe1ee7f42517c11f532fbe836f2): Failed to open stream: No such file or directory {"exception":"[object] (ErrorException(code: 0): file_put_contents(/apps/data/prepod.joblynk.ai/@core/storage/framework/cache/data/f2/ba/f2ba87591c65abe1ee7f42517c11f532fbe836f2): Failed to open stream: No such file or directory at /apps/data/prepod.joblynk.ai/@core/vendor/laravel/framework/src/Illuminate/Filesystem/Filesystem.php:204)
[stacktrace]
#0 /apps/data/prepod.joblynk.ai/@core/vendor/laravel/framework/src/Illuminate/Foundation/Bootstrap/HandleExceptions.php(258): Illuminate\\Foundation\\Bootstrap\\HandleExceptions->handleError()
#1 [internal function]: Illuminate\\Foundation\\Bootstrap\\HandleExceptions->Illuminate\\Foundation\\Bootstrap\\{closure}()
#2 /apps/data/prepod.joblynk.ai/@core/vendor/laravel/framework/src/Illuminate/Filesystem/Filesystem.php(204): file_put_contents()
#3 /apps/data/prepod.joblynk.ai/@core/vendor/laravel/framework/src/Illuminate/Cache/FileStore.php(82): Illuminate\\Filesystem\\Filesystem->put()
#4 /apps/data/prepod.joblynk.ai/@core/vendor/laravel/framework/src/Illuminate/Cache/Repository.php(241): Illuminate\\Cache\\FileStore->put()
#5 /apps/data/prepod.joblynk.ai/@core/vendor/laravel/framework/src/Illuminate/Cache/Repository.php(433): Illuminate\\Cache\\Repository->put()
#6 /apps/data/prepod.joblynk.ai/@core/vendor/laravel/framework/src/Illuminate/Cache/CacheManager.php(509): Illuminate\\Cache\\Repository->remember()
#7 /apps/data/prepod.joblynk.ai/@core/vendor/laravel/framework/src/Illuminate/Support/Facades/Facade.php(363): Illuminate\\Cache\\CacheManager->__call()
#8 /apps/data/prepod.joblynk.ai/@core/app/Helpers/helpers.php(54): Illuminate\\Support\\Facades\\Facade::__callStatic()
#9 /apps/data/prepod.joblynk.ai/@core/app/Http/Middleware/GlobalVariableMiddleware.php(29): get_static_option()
#10 /apps/data/prepod.joblynk.ai/@core/vendor/laravel/framework/src/Illuminate/Pipeline/Pipeline.php(219): App\\Http\\Middleware\\GlobalVariableMiddleware->handle()
#11 /apps/data/prepod.joblynk.ai/@core/app/Http/Middleware/SetUserLanguages.php(35): Illuminate\\Pipeline\\Pipeline->Illuminate\\Pipeline\\{closure}()
#12 /apps/data/prepod.joblynk.ai/@core/vendor/laravel/framework/src/Illuminate/Pipeline/Pipeline.php(219): App\\Http\\Middleware\\SetUserLanguages->handle()
#13 /apps/data/prepod.joblynk.ai/@core/vendor/barryvdh/laravel-debugbar/src/Middleware/InjectDebugbar.php(66): Illuminate\\Pipeline\\Pipeline->Illuminate\\Pipeline\\{closure}()
#14 /apps/data/prepod.joblynk.ai/@core/vendor/laravel/framework/src/Illuminate/Pipeline/Pipeline.php(219): Barryvdh\\Debugbar\\Middleware\\InjectDebugbar->handle()
#15 /apps/data/prepod.joblynk.ai/@core/vendor/laravel/framework/src/Illuminate/Routing/Middleware/SubstituteBindings.php(50): Illuminate\\Pipeline\\Pipeline->Illuminate\\Pipeline\\{closure}()
#16 /apps/data/prepod.joblynk.ai/@core/vendor/laravel/framework/src/Illuminate/Pipeline/Pipeline.php(219): Illuminate\\Routing\\Middleware\\SubstituteBindings->handle()
#17 /apps/data/prepod.joblynk.ai/@core/vendor/laravel/framework/src/Illuminate/Foundation/Http/Middleware/VerifyCsrfToken.php(87): Illuminate\\Pipeline\\Pipeline->Illuminate\\Pipeline\\{closure}()
#18 /apps/data/prepod.joblynk.ai/@core/vendor/laravel/framework/src/Illuminate/Pipeline/Pipeline.php(219): Illuminate\\Foundation\\Http\\Middleware\\VerifyCsrfToken->handle()
#19 /apps/data/prepod.joblynk.ai/@core/vendor/laravel/framework/src/Illuminate/View/Middleware/ShareErrorsFromSession.php(48): Illuminate\\Pipeline\\Pipeline->Illuminate\\Pipeline\\{closure}()
#20 /apps/data/prepod.joblynk.ai/@core/vendor/laravel/framework/src/Illuminate/Pipeline/Pipeline.php(219): Illuminate\\View\\Middleware\\ShareErrorsFromSession->handle()
#21 /apps/data/prepod.joblynk.ai/@core/vendor/laravel/framework/src/Illuminate/Session/Middleware/StartSession.php(120): Illuminate\\Pipeline\\Pipeline->Illuminate\\Pipeline\\{closure}()
#22 /apps/data/prepod.joblynk.ai/@core/vendor/laravel/framework/src/Illuminate/Session/Middleware/StartSession.php(63): Illuminate\\Session\\Middleware\\StartSession->handleStatefulRequest()
#23 /apps/data/prepod.joblynk.ai/@core/vendor/laravel/framework/src/Illuminate/Pipeline/Pipeline.php(219): Illuminate\\Session\\Middleware\\StartSession->handle()
#24 /apps/data/prepod.joblynk.ai/@core/vendor/laravel/framework/src/Illuminate/Cookie/Middleware/AddQueuedCookiesToResponse.php(36): Illuminate\\Pipeline\\Pipeline->Illuminate\\Pipeline\\{closure}()
#25 /apps/data/prepod.joblynk.ai/@core/vendor/laravel/framework/src/Illuminate/Pipeline/Pipeline.php(219): Illuminate\\Cookie\\Middleware\\AddQueuedCookiesToResponse->handle()
#26 /apps/data/prepod.joblynk.ai/@core/vendor/laravel/framework/src/Illuminate/Cookie/Middleware/EncryptCookies.php(74): Illuminate\\Pipeline\\Pipeline->Illuminate\\Pipeline\\{closure}()
#27 /apps/data/prepod.joblynk.ai/@core/vendor/laravel/framework/src/Illuminate/Pipeline/Pipeline.php(219): Illuminate\\Cookie\\Middleware\\EncryptCookies->handle()
#28 /apps/data/prepod.joblynk.ai/@core/vendor/laravel/framework/src/Illuminate/Pipeline/Pipeline.php(137): Illuminate\\Pipeline\\Pipeline->Illuminate\\Pipeline\\{closure}()
#29 /apps/data/prepod.joblynk.ai/@core/vendor/laravel/framework/src/Illuminate/Routing/Router.php(821): Illuminate\\Pipeline\\Pipeline->then()
#30 /apps/data/prepod.joblynk.ai/@core/vendor/laravel/framework/src/Illuminate/Routing/Router.php(800): Illuminate\\Routing\\Router->runRouteWithinStack()
#31 /apps/data/prepod.joblynk.ai/@core/vendor/laravel/framework/src/Illuminate/Routing/Router.php(764): Illuminate\\Routing\\Router->runRoute()
#32 /apps/data/prepod.joblynk.ai/@core/vendor/laravel/framework/src/Illuminate/Routing/Router.php(753): Illuminate\\Routing\\Router->dispatchToRoute()
#33 /apps/data/prepod.joblynk.ai/@core/vendor/laravel/framework/src/Illuminate/Foundation/Http/Kernel.php(200): Illuminate\\Routing\\Router->dispatch()
#34 /apps/data/prepod.joblynk.ai/@core/vendor/laravel/framework/src/Illuminate/Pipeline/Pipeline.php(180): Illuminate\\Foundation\\Http\\Kernel->Illuminate\\Foundation\\Http\\{closure}()
#35 /apps/data/prepod.joblynk.ai/@core/vendor/barryvdh/laravel-debugbar/src/Middleware/InjectDebugbar.php(66): Illuminate\\Pipeline\\Pipeline->Illuminate\\Pipeline\\{closure}()
#36 /apps/data/prepod.joblynk.ai/@core/vendor/laravel/framework/src/Illuminate/Pipeline/Pipeline.php(219): Barryvdh\\Debugbar\\Middleware\\InjectDebugbar->handle()
#37 /apps/data/prepod.joblynk.ai/@core/vendor/xgenious/installer/src/Http/Middleware/InstallerMiddleware.php(18): Illuminate\\Pipeline\\Pipeline->Illuminate\\Pipeline\\{closure}()
#38 /apps/data/prepod.joblynk.ai/@core/vendor/laravel/framework/src/Illuminate/Pipeline/Pipeline.php(219): Xgenious\\Installer\\Http\\Middleware\\InstallerMiddleware->handle()
#39 /apps/data/prepod.joblynk.ai/@core/vendor/laravel/framework/src/Illuminate/Foundation/Http/Middleware/TransformsRequest.php(21): Illuminate\\Pipeline\\Pipeline->Illuminate\\Pipeline\\{closure}()
#40 /apps/data/prepod.joblynk.ai/@core/vendor/laravel/framework/src/Illuminate/Foundation/Http/Middleware/ConvertEmptyStringsToNull.php(31): Illuminate\\Foundation\\Http\\Middleware\\TransformsRequest->handle()
#41 /apps/data/prepod.joblynk.ai/@core/vendor/laravel/framework/src/Illuminate/Pipeline/Pipeline.php(219): Illuminate\\Foundation\\Http\\Middleware\\ConvertEmptyStringsToNull->handle()
#42 /apps/data/prepod.joblynk.ai/@core/vendor/laravel/framework/src/Illuminate/Foundation/Http/Middleware/TransformsRequest.php(21): Illuminate\\Pipeline\\Pipeline->Illuminate\\Pipeline\\{closure}()
#43 /apps/data/prepod.joblynk.ai/@core/vendor/laravel/framework/src/Illuminate/Foundation/Http/Middleware/TrimStrings.php(51): Illuminate\\Foundation\\Http\\Middleware\\TransformsRequest->handle()
#44 /apps/data/prepod.joblynk.ai/@core/vendor/laravel/framework/src/Illuminate/Pipeline/Pipeline.php(219): Illuminate\\Foundation\\Http\\Middleware\\TrimStrings->handle()
#45 /apps/data/prepod.joblynk.ai/@core/vendor/laravel/framework/src/Illuminate/Http/Middleware/ValidatePostSize.php(27): Illuminate\\Pipeline\\Pipeline->Illuminate\\Pipeline\\{closure}()
#46 /apps/data/prepod.joblynk.ai/@core/vendor/laravel/framework/src/Illuminate/Pipeline/Pipeline.php(219): Illuminate\\Http\\Middleware\\ValidatePostSize->handle()
#47 /apps/data/prepod.joblynk.ai/@core/vendor/laravel/framework/src/Illuminate/Foundation/Http/Middleware/PreventRequestsDuringMaintenance.php(109): Illuminate\\Pipeline\\Pipeline->Illuminate\\Pipeline\\{closure}()
#48 /apps/data/prepod.joblynk.ai/@core/vendor/laravel/framework/src/Illuminate/Pipeline/Pipeline.php(219): Illuminate\\Foundation\\Http\\Middleware\\PreventRequestsDuringMaintenance->handle()
#49 /apps/data/prepod.joblynk.ai/@core/vendor/laravel/framework/src/Illuminate/Http/Middleware/TrustProxies.php(58): Illuminate\\Pipeline\\Pipeline->Illuminate\\Pipeline\\{closure}()
#50 /apps/data/prepod.joblynk.ai/@core/vendor/laravel/framework/src/Illuminate/Pipeline/Pipeline.php(219): Illuminate\\Http\\Middleware\\TrustProxies->handle()
#51 /apps/data/prepod.joblynk.ai/@core/vendor/laravel/framework/src/Illuminate/Pipeline/Pipeline.php(137): Illuminate\\Pipeline\\Pipeline->Illuminate\\Pipeline\\{closure}()
#52 /apps/data/prepod.joblynk.ai/@core/vendor/laravel/framework/src/Illuminate/Foundation/Http/Kernel.php(175): Illuminate\\Pipeline\\Pipeline->then()
#53 /apps/data/prepod.joblynk.ai/@core/vendor/laravel/framework/src/Illuminate/Foundation/Http/Kernel.php(144): Illuminate\\Foundation\\Http\\Kernel->sendRequestThroughRouter()
#54 /apps/data/prepod.joblynk.ai/index.php(54): Illuminate\\Foundation\\Http\\Kernel->handle()
#55 {main}
"} 
[2026-03-24 03:51:51] production.ERROR: file_put_contents(/apps/data/prepod.joblynk.ai/@core/storage/framework/cache/data/f2/ba/f2ba87591c65abe1ee7f42517c11f532fbe836f2): Failed to open stream: No such file or directory {"exception":"[object] (ErrorException(code: 0): file_put_contents(/apps/data/prepod.joblynk.ai/@core/storage/framework/cache/data/f2/ba/f2ba87591c65abe1ee7f42517c11f532fbe836f2): Failed to open stream: No such file or directory at /apps/data/prepod.joblynk.ai/@core/vendor/laravel/framework/src/Illuminate/Filesystem/Filesystem.php:204)
[stacktrace]
#0 /apps/data/prepod.joblynk.ai/@core/vendor/laravel/framework/src/Illuminate/Foundation/Bootstrap/HandleExceptions.php(258): Illuminate\\Foundation\\Bootstrap\\HandleExceptions->handleError()
#1 [internal function]: Illuminate\\Foundation\\Bootstrap\\HandleExceptions->Illuminate\\Foundation\\Bootstrap\\{closure}()
#2 /apps/data/prepod.joblynk.ai/@core/vendor/laravel/framework/src/Illuminate/Filesystem/Filesystem.php(204): file_put_contents()
#3 /apps/data/prepod.joblynk.ai/@core/vendor/laravel/framework/src/Illuminate/Cache/FileStore.php(82): Illuminate\\Filesystem\\Filesystem->put()
#4 /apps/data/prepod.joblynk.ai/@core/vendor/laravel/framework/src/Illuminate/Cache/Repository.php(241): Illuminate\\Cache\\FileStore->put()
#5 /apps/data/prepod.joblynk.ai/@core/vendor/laravel/framework/src/Illuminate/Cache/Repository.php(433): Illuminate\\Cache\\Repository->put()
#6 /apps/data/prepod.joblynk.ai/@core/vendor/laravel/framework/src/Illuminate/Cache/CacheManager.php(509): Illuminate\\Cache\\Repository->remember()
#7 /apps/data/prepod.joblynk.ai/@core/vendor/laravel/framework/src/Illuminate/Support/Facades/Facade.php(363): Illuminate\\Cache\\CacheManager->__call()
#8 /apps/data/prepod.joblynk.ai/@core/app/Helpers/helpers.php(54): Illuminate\\Support\\Facades\\Facade::__callStatic()
#9 /apps/data/prepod.joblynk.ai/@core/app/Http/Middleware/GlobalVariableMiddleware.php(29): get_static_option()
#10 /apps/data/prepod.joblynk.ai/@core/vendor/laravel/framework/src/Illuminate/Pipeline/Pipeline.php(219): App\\Http\\Middleware\\GlobalVariableMiddleware->handle()
#11 /apps/data/prepod.joblynk.ai/@core/app/Http/Middleware/SetUserLanguages.php(35): Illuminate\\Pipeline\\Pipeline->Illuminate\\Pipeline\\{closure}()
#12 /apps/data/prepod.joblynk.ai/@core/vendor/laravel/framework/src/Illuminate/Pipeline/Pipeline.php(219): App\\Http\\Middleware\\SetUserLanguages->handle()
#13 /apps/data/prepod.joblynk.ai/@core/vendor/barryvdh/laravel-debugbar/src/Middleware/InjectDebugbar.php(66): Illuminate\\Pipeline\\Pipeline->Illuminate\\Pipeline\\{closure}()
#14 /apps/data/prepod.joblynk.ai/@core/vendor/laravel/framework/src/Illuminate/Pipeline/Pipeline.php(219): Barryvdh\\Debugbar\\Middleware\\InjectDebugbar->handle()
#15 /apps/data/prepod.joblynk.ai/@core/vendor/laravel/framework/src/Illuminate/Routing/Middleware/SubstituteBindings.php(50): Illuminate\\Pipeline\\Pipeline->Illuminate\\Pipeline\\{closure}()
#16 /apps/data/prepod.joblynk.ai/@core/vendor/laravel/framework/src/Illuminate/Pipeline/Pipeline.php(219): Illuminate\\Routing\\Middleware\\SubstituteBindings->handle()
#17 /apps/data/prepod.joblynk.ai/@core/vendor/laravel/framework/src/Illuminate/Foundation/Http/Middleware/VerifyCsrfToken.php(87): Illuminate\\Pipeline\\Pipeline->Illuminate\\Pipeline\\{closure}()
#18 /apps/data/prepod.joblynk.ai/@core/vendor/laravel/framework/src/Illuminate/Pipeline/Pipeline.php(219): Illuminate\\Foundation\\Http\\Middleware\\VerifyCsrfToken->handle()
#19 /apps/data/prepod.joblynk.ai/@core/vendor/laravel/framework/src/Illuminate/View/Middleware/ShareErrorsFromSession.php(48): Illuminate\\Pipeline\\Pipeline->Illuminate\\Pipeline\\{closure}()
#20 /apps/data/prepod.joblynk.ai/@core/vendor/laravel/framework/src/Illuminate/Pipeline/Pipeline.php(219): Illuminate\\View\\Middleware\\ShareErrorsFromSession->handle()
#21 /apps/data/prepod.joblynk.ai/@core/vendor/laravel/framework/src/Illuminate/Session/Middleware/StartSession.php(120): Illuminate\\Pipeline\\Pipeline->Illuminate\\Pipeline\\{closure}()
#22 /apps/data/prepod.joblynk.ai/@core/vendor/laravel/framework/src/Illuminate/Session/Middleware/StartSession.php(63): Illuminate\\Session\\Middleware\\StartSession->handleStatefulRequest()
#23 /apps/data/prepod.joblynk.ai/@core/vendor/laravel/framework/src/Illuminate/Pipeline/Pipeline.php(219): Illuminate\\Session\\Middleware\\StartSession->handle()
#24 /apps/data/prepod.joblynk.ai/@core/vendor/laravel/framework/src/Illuminate/Cookie/Middleware/AddQueuedCookiesToResponse.php(36): Illuminate\\Pipeline\\Pipeline->Illuminate\\Pipeline\\{closure}()
#25 /apps/data/prepod.joblynk.ai/@core/vendor/laravel/framework/src/Illuminate/Pipeline/Pipeline.php(219): Illuminate\\Cookie\\Middleware\\AddQueuedCookiesToResponse->handle()
#26 /apps/data/prepod.joblynk.ai/@core/vendor/laravel/framework/src/Illuminate/Cookie/Middleware/EncryptCookies.php(74): Illuminate\\Pipeline\\Pipeline->Illuminate\\Pipeline\\{closure}()
#27 /apps/data/prepod.joblynk.ai/@core/vendor/laravel/framework/src/Illuminate/Pipeline/Pipeline.php(219): Illuminate\\Cookie\\Middleware\\EncryptCookies->handle()
#28 /apps/data/prepod.joblynk.ai/@core/vendor/laravel/framework/src/Illuminate/Pipeline/Pipeline.php(137): Illuminate\\Pipeline\\Pipeline->Illuminate\\Pipeline\\{closure}()
#29 /apps/data/prepod.joblynk.ai/@core/vendor/laravel/framework/src/Illuminate/Routing/Router.php(821): Illuminate\\Pipeline\\Pipeline->then()
#30 /apps/data/prepod.joblynk.ai/@core/vendor/laravel/framework/src/Illuminate/Routing/Router.php(800): Illuminate\\Routing\\Router->runRouteWithinStack()
#31 /apps/data/prepod.joblynk.ai/@core/vendor/laravel/framework/src/Illuminate/Routing/Router.php(764): Illuminate\\Routing\\Router->runRoute()
#32 /apps/data/prepod.joblynk.ai/@core/vendor/laravel/framework/src/Illuminate/Routing/Router.php(753): Illuminate\\Routing\\Router->dispatchToRoute()
#33 /apps/data/prepod.joblynk.ai/@core/vendor/laravel/framework/src/Illuminate/Foundation/Http/Kernel.php(200): Illuminate\\Routing\\Router->dispatch()
#34 /apps/data/prepod.joblynk.ai/@core/vendor/laravel/framework/src/Illuminate/Pipeline/Pipeline.php(180): Illuminate\\Foundation\\Http\\Kernel->Illuminate\\Foundation\\Http\\{closure}()
#35 /apps/data/prepod.joblynk.ai/@core/vendor/barryvdh/laravel-debugbar/src/Middleware/InjectDebugbar.php(66): Illuminate\\Pipeline\\Pipeline->Illuminate\\Pipeline\\{closure}()
#36 /apps/data/prepod.joblynk.ai/@core/vendor/laravel/framework/src/Illuminate/Pipeline/Pipeline.php(219): Barryvdh\\Debugbar\\Middleware\\InjectDebugbar->handle()
#37 /apps/data/prepod.joblynk.ai/@core/vendor/xgenious/installer/src/Http/Middleware/InstallerMiddleware.php(18): Illuminate\\Pipeline\\Pipeline->Illuminate\\Pipeline\\{closure}()
#38 /apps/data/prepod.joblynk.ai/@core/vendor/laravel/framework/src/Illuminate/Pipeline/Pipeline.php(219): Xgenious\\Installer\\Http\\Middleware\\InstallerMiddleware->handle()
#39 /apps/data/prepod.joblynk.ai/@core/vendor/laravel/framework/src/Illuminate/Foundation/Http/Middleware/TransformsRequest.php(21): Illuminate\\Pipeline\\Pipeline->Illuminate\\Pipeline\\{closure}()
#40 /apps/data/prepod.joblynk.ai/@core/vendor/laravel/framework/src/Illuminate/Foundation/Http/Middleware/ConvertEmptyStringsToNull.php(31): Illuminate\\Foundation\\Http\\Middleware\\TransformsRequest->handle()
#41 /apps/data/prepod.joblynk.ai/@core/vendor/laravel/framework/src/Illuminate/Pipeline/Pipeline.php(219): Illuminate\\Foundation\\Http\\Middleware\\ConvertEmptyStringsToNull->handle()
#42 /apps/data/prepod.joblynk.ai/@core/vendor/laravel/framework/src/Illuminate/Foundation/Http/Middleware/TransformsRequest.php(21): Illuminate\\Pipeline\\Pipeline->Illuminate\\Pipeline\\{closure}()
#43 /apps/data/prepod.joblynk.ai/@core/vendor/laravel/framework/src/Illuminate/Foundation/Http/Middleware/TrimStrings.php(51): Illuminate\\Foundation\\Http\\Middleware\\TransformsRequest->handle()
#44 /apps/data/prepod.joblynk.ai/@core/vendor/laravel/framework/src/Illuminate/Pipeline/Pipeline.php(219): Illuminate\\Foundation\\Http\\Middleware\\TrimStrings->handle()
#45 /apps/data/prepod.joblynk.ai/@core/vendor/laravel/framework/src/Illuminate/Http/Middleware/ValidatePostSize.php(27): Illuminate\\Pipeline\\Pipeline->Illuminate\\Pipeline\\{closure}()
#46 /apps/data/prepod.joblynk.ai/@core/vendor/laravel/framework/src/Illuminate/Pipeline/Pipeline.php(219): Illuminate\\Http\\Middleware\\ValidatePostSize->handle()
#47 /apps/data/prepod.joblynk.ai/@core/vendor/laravel/framework/src/Illuminate/Foundation/Http/Middleware/PreventRequestsDuringMaintenance.php(109): Illuminate\\Pipeline\\Pipeline->Illuminate\\Pipeline\\{closure}()
#48 /apps/data/prepod.joblynk.ai/@core/vendor/laravel/framework/src/Illuminate/Pipeline/Pipeline.php(219): Illuminate\\Foundation\\Http\\Middleware\\PreventRequestsDuringMaintenance->handle()
#49 /apps/data/prepod.joblynk.ai/@core/vendor/laravel/framework/src/Illuminate/Http/Middleware/TrustProxies.php(58): Illuminate\\Pipeline\\Pipeline->Illuminate\\Pipeline\\{closure}()
#50 /apps/data/prepod.joblynk.ai/@core/vendor/laravel/framework/src/Illuminate/Pipeline/Pipeline.php(219): Illuminate\\Http\\Middleware\\TrustProxies->handle()
#51 /apps/data/prepod.joblynk.ai/@core/vendor/laravel/framework/src/Illuminate/Pipeline/Pipeline.php(137): Illuminate\\Pipeline\\Pipeline->Illuminate\\Pipeline\\{closure}()
#52 /apps/data/prepod.joblynk.ai/@core/vendor/laravel/framework/src/Illuminate/Foundation/Http/Kernel.php(175): Illuminate\\Pipeline\\Pipeline->then()
#53 /apps/data/prepod.joblynk.ai/@core/vendor/laravel/framework/src/Illuminate/Foundation/Http/Kernel.php(144): Illuminate\\Foundation\\Http\\Kernel->sendRequestThroughRouter()
#54 /apps/data/prepod.joblynk.ai/index.php(54): Illuminate\\Foundation\\Http\\Kernel->handle()
#55 {main}
"} 
[2026-03-24 03:52:40] production.ERROR: file_put_contents(/apps/data/prepod.joblynk.ai/@core/storage/framework/cache/data/f2/ba/f2ba87591c65abe1ee7f42517c11f532fbe836f2): Failed to open stream: No such file or directory {"exception":"[object] (ErrorException(code: 0): file_put_contents(/apps/data/prepod.joblynk.ai/@core/storage/framework/cache/data/f2/ba/f2ba87591c65abe1ee7f42517c11f532fbe836f2): Failed to open stream: No such file or directory at /apps/data/prepod.joblynk.ai/@core/vendor/laravel/framework/src/Illuminate/Filesystem/Filesystem.php:204)
[stacktrace]
#0 /apps/data/prepod.joblynk.ai/@core/vendor/laravel/framework/src/Illuminate/Foundation/Bootstrap/HandleExceptions.php(258): Illuminate\\Foundation\\Bootstrap\\HandleExceptions->handleError()
#1 [internal function]: Illuminate\\Foundation\\Bootstrap\\HandleExceptions->Illuminate\\Foundation\\Bootstrap\\{closure}()
#2 /apps/data/prepod.joblynk.ai/@core/vendor/laravel/framework/src/Illuminate/Filesystem/Filesystem.php(204): file_put_contents()
#3 /apps/data/prepod.joblynk.ai/@core/vendor/laravel/framework/src/Illuminate/Cache/FileStore.php(82): Illuminate\\Filesystem\\Filesystem->put()
#4 /apps/data/prepod.joblynk.ai/@core/vendor/laravel/framework/src/Illuminate/Cache/Repository.php(241): Illuminate\\Cache\\FileStore->put()
#5 /apps/data/prepod.joblynk.ai/@core/vendor/laravel/framework/src/Illuminate/Cache/Repository.php(433): Illuminate\\Cache\\Repository->put()
#6 /apps/data/prepod.joblynk.ai/@core/vendor/laravel/framework/src/Illuminate/Cache/CacheManager.php(509): Illuminate\\Cache\\Repository->remember()
#7 /apps/data/prepod.joblynk.ai/@core/vendor/laravel/framework/src/Illuminate/Support/Facades/Facade.php(363): Illuminate\\Cache\\CacheManager->__call()
#8 /apps/data/prepod.joblynk.ai/@core/app/Helpers/helpers.php(54): Illuminate\\Support\\Facades\\Facade::__callStatic()
#9 /apps/data/prepod.joblynk.ai/@core/app/Http/Middleware/GlobalVariableMiddleware.php(29): get_static_option()
#10 /apps/data/prepod.joblynk.ai/@core/vendor/laravel/framework/src/Illuminate/Pipeline/Pipeline.php(219): App\\Http\\Middleware\\GlobalVariableMiddleware->handle()
#11 /apps/data/prepod.joblynk.ai/@core/app/Http/Middleware/SetUserLanguages.php(35): Illuminate\\Pipeline\\Pipeline->Illuminate\\Pipeline\\{closure}()
#12 /apps/data/prepod.joblynk.ai/@core/vendor/laravel/framework/src/Illuminate/Pipeline/Pipeline.php(219): App\\Http\\Middleware\\SetUserLanguages->handle()
#13 /apps/data/prepod.joblynk.ai/@core/vendor/barryvdh/laravel-debugbar/src/Middleware/InjectDebugbar.php(66): Illuminate\\Pipeline\\Pipeline->Illuminate\\Pipeline\\{closure}()
#14 /apps/data/prepod.joblynk.ai/@core/vendor/laravel/framework/src/Illuminate/Pipeline/Pipeline.php(219): Barryvdh\\Debugbar\\Middleware\\InjectDebugbar->handle()
#15 /apps/data/prepod.joblynk.ai/@core/vendor/laravel/framework/src/Illuminate/Routing/Middleware/SubstituteBindings.php(50): Illuminate\\Pipeline\\Pipeline->Illuminate\\Pipeline\\{closure}()
#16 /apps/data/prepod.joblynk.ai/@core/vendor/laravel/framework/src/Illuminate/Pipeline/Pipeline.php(219): Illuminate\\Routing\\Middleware\\SubstituteBindings->handle()
#17 /apps/data/prepod.joblynk.ai/@core/vendor/laravel/framework/src/Illuminate/Foundation/Http/Middleware/VerifyCsrfToken.php(87): Illuminate\\Pipeline\\Pipeline->Illuminate\\Pipeline\\{closure}()
#18 /apps/data/prepod.joblynk.ai/@core/vendor/laravel/framework/src/Illuminate/Pipeline/Pipeline.php(219): Illuminate\\Foundation\\Http\\Middleware\\VerifyCsrfToken->handle()
#19 /apps/data/prepod.joblynk.ai/@core/vendor/laravel/framework/src/Illuminate/View/Middleware/ShareErrorsFromSession.php(48): Illuminate\\Pipeline\\Pipeline->Illuminate\\Pipeline\\{closure}()
#20 /apps/data/prepod.joblynk.ai/@core/vendor/laravel/framework/src/Illuminate/Pipeline/Pipeline.php(219): Illuminate\\View\\Middleware\\ShareErrorsFromSession->handle()
#21 /apps/data/prepod.joblynk.ai/@core/vendor/laravel/framework/src/Illuminate/Session/Middleware/StartSession.php(120): Illuminate\\Pipeline\\Pipeline->Illuminate\\Pipeline\\{closure}()
#22 /apps/data/prepod.joblynk.ai/@core/vendor/laravel/framework/src/Illuminate/Session/Middleware/StartSession.php(63): Illuminate\\Session\\Middleware\\StartSession->handleStatefulRequest()
#23 /apps/data/prepod.joblynk.ai/@core/vendor/laravel/framework/src/Illuminate/Pipeline/Pipeline.php(219): Illuminate\\Session\\Middleware\\StartSession->handle()
#24 /apps/data/prepod.joblynk.ai/@core/vendor/laravel/framework/src/Illuminate/Cookie/Middleware/AddQueuedCookiesToResponse.php(36): Illuminate\\Pipeline\\Pipeline->Illuminate\\Pipeline\\{closure}()
#25 /apps/data/prepod.joblynk.ai/@core/vendor/laravel/framework/src/Illuminate/Pipeline/Pipeline.php(219): Illuminate\\Cookie\\Middleware\\AddQueuedCookiesToResponse->handle()
#26 /apps/data/prepod.joblynk.ai/@core/vendor/laravel/framework/src/Illuminate/Cookie/Middleware/EncryptCookies.php(74): Illuminate\\Pipeline\\Pipeline->Illuminate\\Pipeline\\{closure}()
#27 /apps/data/prepod.joblynk.ai/@core/vendor/laravel/framework/src/Illuminate/Pipeline/Pipeline.php(219): Illuminate\\Cookie\\Middleware\\EncryptCookies->handle()
#28 /apps/data/prepod.joblynk.ai/@core/vendor/laravel/framework/src/Illuminate/Pipeline/Pipeline.php(137): Illuminate\\Pipeline\\Pipeline->Illuminate\\Pipeline\\{closure}()
#29 /apps/data/prepod.joblynk.ai/@core/vendor/laravel/framework/src/Illuminate/Routing/Router.php(821): Illuminate\\Pipeline\\Pipeline->then()
#30 /apps/data/prepod.joblynk.ai/@core/vendor/laravel/framework/src/Illuminate/Routing/Router.php(800): Illuminate\\Routing\\Router->runRouteWithinStack()
#31 /apps/data/prepod.joblynk.ai/@core/vendor/laravel/framework/src/Illuminate/Routing/Router.php(764): Illuminate\\Routing\\Router->runRoute()
#32 /apps/data/prepod.joblynk.ai/@core/vendor/laravel/framework/src/Illuminate/Routing/Router.php(753): Illuminate\\Routing\\Router->dispatchToRoute()
#33 /apps/data/prepod.joblynk.ai/@core/vendor/laravel/framework/src/Illuminate/Foundation/Http/Kernel.php(200): Illuminate\\Routing\\Router->dispatch()
#34 /apps/data/prepod.joblynk.ai/@core/vendor/laravel/framework/src/Illuminate/Pipeline/Pipeline.php(180): Illuminate\\Foundation\\Http\\Kernel->Illuminate\\Foundation\\Http\\{closure}()
#35 /apps/data/prepod.joblynk.ai/@core/vendor/barryvdh/laravel-debugbar/src/Middleware/InjectDebugbar.php(66): Illuminate\\Pipeline\\Pipeline->Illuminate\\Pipeline\\{closure}()
#36 /apps/data/prepod.joblynk.ai/@core/vendor/laravel/framework/src/Illuminate/Pipeline/Pipeline.php(219): Barryvdh\\Debugbar\\Middleware\\InjectDebugbar->handle()
#37 /apps/data/prepod.joblynk.ai/@core/vendor/xgenious/installer/src/Http/Middleware/InstallerMiddleware.php(18): Illuminate\\Pipeline\\Pipeline->Illuminate\\Pipeline\\{closure}()
#38 /apps/data/prepod.joblynk.ai/@core/vendor/laravel/framework/src/Illuminate/Pipeline/Pipeline.php(219): Xgenious\\Installer\\Http\\Middleware\\InstallerMiddleware->handle()
#39 /apps/data/prepod.joblynk.ai/@core/vendor/laravel/framework/src/Illuminate/Foundation/Http/Middleware/TransformsRequest.php(21): Illuminate\\Pipeline\\Pipeline->Illuminate\\Pipeline\\{closure}()
#40 /apps/data/prepod.joblynk.ai/@core/vendor/laravel/framework/src/Illuminate/Foundation/Http/Middleware/ConvertEmptyStringsToNull.php(31): Illuminate\\Foundation\\Http\\Middleware\\TransformsRequest->handle()
#41 /apps/data/prepod.joblynk.ai/@core/vendor/laravel/framework/src/Illuminate/Pipeline/Pipeline.php(219): Illuminate\\Foundation\\Http\\Middleware\\ConvertEmptyStringsToNull->handle()
#42 /apps/data/prepod.joblynk.ai/@core/vendor/laravel/framework/src/Illuminate/Foundation/Http/Middleware/TransformsRequest.php(21): Illuminate\\Pipeline\\Pipeline->Illuminate\\Pipeline\\{closure}()
#43 /apps/data/prepod.joblynk.ai/@core/vendor/laravel/framework/src/Illuminate/Foundation/Http/Middleware/TrimStrings.php(51): Illuminate\\Foundation\\Http\\Middleware\\TransformsRequest->handle()
#44 /apps/data/prepod.joblynk.ai/@core/vendor/laravel/framework/src/Illuminate/Pipeline/Pipeline.php(219): Illuminate\\Foundation\\Http\\Middleware\\TrimStrings->handle()
#45 /apps/data/prepod.joblynk.ai/@core/vendor/laravel/framework/src/Illuminate/Http/Middleware/ValidatePostSize.php(27): Illuminate\\Pipeline\\Pipeline->Illuminate\\Pipeline\\{closure}()
#46 /apps/data/prepod.joblynk.ai/@core/vendor/laravel/framework/src/Illuminate/Pipeline/Pipeline.php(219): Illuminate\\Http\\Middleware\\ValidatePostSize->handle()
#47 /apps/data/prepod.joblynk.ai/@core/vendor/laravel/framework/src/Illuminate/Foundation/Http/Middleware/PreventRequestsDuringMaintenance.php(109): Illuminate\\Pipeline\\Pipeline->Illuminate\\Pipeline\\{closure}()
#48 /apps/data/prepod.joblynk.ai/@core/vendor/laravel/framework/src/Illuminate/Pipeline/Pipeline.php(219): Illuminate\\Foundation\\Http\\Middleware\\PreventRequestsDuringMaintenance->handle()
#49 /apps/data/prepod.joblynk.ai/@core/vendor/laravel/framework/src/Illuminate/Http/Middleware/TrustProxies.php(58): Illuminate\\Pipeline\\Pipeline->Illuminate\\Pipeline\\{closure}()
#50 /apps/data/prepod.joblynk.ai/@core/vendor/laravel/framework/src/Illuminate/Pipeline/Pipeline.php(219): Illuminate\\Http\\Middleware\\TrustProxies->handle()
#51 /apps/data/prepod.joblynk.ai/@core/vendor/laravel/framework/src/Illuminate/Pipeline/Pipeline.php(137): Illuminate\\Pipeline\\Pipeline->Illuminate\\Pipeline\\{closure}()
#52 /apps/data/prepod.joblynk.ai/@core/vendor/laravel/framework/src/Illuminate/Foundation/Http/Kernel.php(175): Illuminate\\Pipeline\\Pipeline->then()
#53 /apps/data/prepod.joblynk.ai/@core/vendor/laravel/framework/src/Illuminate/Foundation/Http/Kernel.php(144): Illuminate\\Foundation\\Http\\Kernel->sendRequestThroughRouter()
#54 /apps/data/prepod.joblynk.ai/index.php(54): Illuminate\\Foundation\\Http\\Kernel->handle()
#55 {main}
"} 
